Reading netlist file: "C:\Users\jackg\OneDrive\GadgetFactory_Engineering\2025\papilio-labs\papilio_arcade_board\paplilo_arcade_board\impl\gwsynthesis\papilio_arcade_board.vg"
Parsing netlist file "C:\Users\jackg\OneDrive\GadgetFactory_Engineering\2025\papilio-labs\papilio_arcade_board\paplilo_arcade_board\impl\gwsynthesis\papilio_arcade_board.vg" completed
Processing netlist completed
Reading constraint file: "C:\Users\jackg\OneDrive\GadgetFactory_Engineering\2025\papilio-labs\papilio_arcade_board\paplilo_arcade_board\src\pins.cst"
Physical Constraint parsed completed
Running placement......
[10%] Placement Phase 0 completed
[20%] Placement Phase 1 completed
[30%] Placement Phase 2 completed
WARN  (TA1132) :  'u_wb_video/u_video/u_clkdiv/CLKOUT.default_gen_clk' was determined to be a clock but was not created.
[50%] Placement Phase 3 completed
Running routing......
[60%] Routing Phase 0 completed
[70%] Routing Phase 1 completed
[80%] Routing Phase 2 completed
[90%] Routing Phase 3 completed
Running timing analysis......
[95%] Timing analysis completed
Placement and routing completed
Bitstream generation in progress......
Bitstream generation completed
Running power analysis......
[100%] Power analysis completed
Generate file "C:\Users\jackg\OneDrive\GadgetFactory_Engineering\2025\papilio-labs\papilio_arcade_board\paplilo_arcade_board\impl\pnr\papilio_arcade_board.power.html" completed
Generate file "C:\Users\jackg\OneDrive\GadgetFactory_Engineering\2025\papilio-labs\papilio_arcade_board\paplilo_arcade_board\impl\pnr\papilio_arcade_board.pin.html" completed
Generate file "C:\Users\jackg\OneDrive\GadgetFactory_Engineering\2025\papilio-labs\papilio_arcade_board\paplilo_arcade_board\impl\pnr\papilio_arcade_board.rpt.html" completed
Generate file "C:\Users\jackg\OneDrive\GadgetFactory_Engineering\2025\papilio-labs\papilio_arcade_board\paplilo_arcade_board\impl\pnr\papilio_arcade_board.rpt.txt" completed
Generate file "C:\Users\jackg\OneDrive\GadgetFactory_Engineering\2025\papilio-labs\papilio_arcade_board\paplilo_arcade_board\impl\pnr\papilio_arcade_board.tr.html" completed
Tue Nov 11 18:57:47 2025

