GowinSynthesis start
Running parser ...
Analyzing Verilog file 'C:\Users\jackg\OneDrive\GadgetFactory_Engineering\2025\papilio-labs\papilio_arcade_board\paplilo_arcade_board\src\dvi_tx\dvi_tx.v'
Analyzing Verilog file 'C:\Users\jackg\OneDrive\GadgetFactory_Engineering\2025\papilio-labs\papilio_arcade_board\paplilo_arcade_board\src\gowin_rpll\TMDS_rPLL.v'
Analyzing Verilog file 'C:\Users\jackg\OneDrive\GadgetFactory_Engineering\2025\papilio-labs\papilio_arcade_board\paplilo_arcade_board\src\gowin_rpll\gowin_rpll.v'
Analyzing Verilog file 'C:\Users\jackg\OneDrive\GadgetFactory_Engineering\2025\papilio-labs\papilio_arcade_board\paplilo_arcade_board\src\simple_spi_wb_bridge_debug.v'
Analyzing Verilog file 'C:\Users\jackg\OneDrive\GadgetFactory_Engineering\2025\papilio-labs\papilio_arcade_board\paplilo_arcade_board\src\testpattern.v'
Analyzing Verilog file 'C:\Users\jackg\OneDrive\GadgetFactory_Engineering\2025\papilio-labs\papilio_arcade_board\paplilo_arcade_board\src\top.v'
Analyzing Verilog file 'C:\Users\jackg\OneDrive\GadgetFactory_Engineering\2025\papilio-labs\papilio_arcade_board\paplilo_arcade_board\src\uart_tx.v'
Analyzing Verilog file 'C:\Users\jackg\OneDrive\GadgetFactory_Engineering\2025\papilio-labs\papilio_arcade_board\paplilo_arcade_board\src\usb_cdc_acm_gowin.v'
Analyzing Verilog file 'C:\Users\jackg\OneDrive\GadgetFactory_Engineering\2025\papilio-labs\papilio_arcade_board\paplilo_arcade_board\src\usb_device_controller\usb_device_controller.v'
Analyzing Verilog file 'C:\Users\jackg\OneDrive\GadgetFactory_Engineering\2025\papilio-labs\papilio_arcade_board\paplilo_arcade_board\src\usb_pll.v'
Analyzing Verilog file 'C:\Users\jackg\OneDrive\GadgetFactory_Engineering\2025\papilio-labs\papilio_arcade_board\paplilo_arcade_board\src\usb_softphy\usb_softphy.v'
Analyzing Verilog file 'C:\Users\jackg\OneDrive\GadgetFactory_Engineering\2025\papilio-labs\papilio_arcade_board\paplilo_arcade_board\src\video_top.v'
Analyzing Verilog file 'C:\Users\jackg\OneDrive\GadgetFactory_Engineering\2025\papilio-labs\papilio_arcade_board\paplilo_arcade_board\src\video_top_wb.v'
Analyzing Verilog file 'C:\Users\jackg\OneDrive\GadgetFactory_Engineering\2025\papilio-labs\papilio_arcade_board\paplilo_arcade_board\src\wb_address_decoder.v'
Analyzing Verilog file 'C:\Users\jackg\OneDrive\GadgetFactory_Engineering\2025\papilio-labs\papilio_arcade_board\paplilo_arcade_board\src\wb_rgb_led_ctrl.v'
Analyzing Verilog file 'C:\Users\jackg\OneDrive\GadgetFactory_Engineering\2025\papilio-labs\papilio_arcade_board\paplilo_arcade_board\src\wb_simple_rgb_led.v'
Analyzing Verilog file 'C:\Users\jackg\OneDrive\GadgetFactory_Engineering\2025\papilio-labs\papilio_arcade_board\paplilo_arcade_board\src\wb_video_ctrl.v'
Compiling module 'top'("C:\Users\jackg\OneDrive\GadgetFactory_Engineering\2025\papilio-labs\papilio_arcade_board\paplilo_arcade_board\src\top.v":4)
Compiling module 'usb_pll'("C:\Users\jackg\OneDrive\GadgetFactory_Engineering\2025\papilio-labs\papilio_arcade_board\paplilo_arcade_board\src\usb_pll.v":4)
Compiling module 'simple_spi_wb_bridge_debug'("C:\Users\jackg\OneDrive\GadgetFactory_Engineering\2025\papilio-labs\papilio_arcade_board\paplilo_arcade_board\src\simple_spi_wb_bridge_debug.v":5)
WARN  (EX3791) : Expression size 4 truncated to fit in target size 3("C:\Users\jackg\OneDrive\GadgetFactory_Engineering\2025\papilio-labs\papilio_arcade_board\paplilo_arcade_board\src\simple_spi_wb_bridge_debug.v":68)
WARN  (EX3791) : Expression size 3 truncated to fit in target size 2("C:\Users\jackg\OneDrive\GadgetFactory_Engineering\2025\papilio-labs\papilio_arcade_board\paplilo_arcade_board\src\simple_spi_wb_bridge_debug.v":82)
WARN  (EX3791) : Expression size 28 truncated to fit in target size 27("C:\Users\jackg\OneDrive\GadgetFactory_Engineering\2025\papilio-labs\papilio_arcade_board\paplilo_arcade_board\src\simple_spi_wb_bridge_debug.v":156)
Compiling module 'uart_tx'("C:\Users\jackg\OneDrive\GadgetFactory_Engineering\2025\papilio-labs\papilio_arcade_board\paplilo_arcade_board\src\uart_tx.v":4)
WARN  (EX3791) : Expression size 9 truncated to fit in target size 8("C:\Users\jackg\OneDrive\GadgetFactory_Engineering\2025\papilio-labs\papilio_arcade_board\paplilo_arcade_board\src\uart_tx.v":49)
WARN  (EX3791) : Expression size 9 truncated to fit in target size 8("C:\Users\jackg\OneDrive\GadgetFactory_Engineering\2025\papilio-labs\papilio_arcade_board\paplilo_arcade_board\src\uart_tx.v":59)
WARN  (EX3791) : Expression size 4 truncated to fit in target size 3("C:\Users\jackg\OneDrive\GadgetFactory_Engineering\2025\papilio-labs\papilio_arcade_board\paplilo_arcade_board\src\uart_tx.v":63)
WARN  (EX3791) : Expression size 9 truncated to fit in target size 8("C:\Users\jackg\OneDrive\GadgetFactory_Engineering\2025\papilio-labs\papilio_arcade_board\paplilo_arcade_board\src\uart_tx.v":74)
Compiling module 'wb_address_decoder'("C:\Users\jackg\OneDrive\GadgetFactory_Engineering\2025\papilio-labs\papilio_arcade_board\paplilo_arcade_board\src\wb_address_decoder.v":8)
Compiling module 'wb_simple_rgb_led'("C:\Users\jackg\OneDrive\GadgetFactory_Engineering\2025\papilio-labs\papilio_arcade_board\paplilo_arcade_board\src\wb_simple_rgb_led.v":5)
WARN  (EX3791) : Expression size 32 truncated to fit in target size 16("C:\Users\jackg\OneDrive\GadgetFactory_Engineering\2025\papilio-labs\papilio_arcade_board\paplilo_arcade_board\src\wb_simple_rgb_led.v":84)
Compiling module 'ws2812b_controller'("C:\Users\jackg\OneDrive\GadgetFactory_Engineering\2025\papilio-labs\papilio_arcade_board\paplilo_arcade_board\src\wb_rgb_led_ctrl.v":96)
WARN  (EX3791) : Expression size 32 truncated to fit in target size 5("C:\Users\jackg\OneDrive\GadgetFactory_Engineering\2025\papilio-labs\papilio_arcade_board\paplilo_arcade_board\src\wb_rgb_led_ctrl.v":166)
WARN  (EX3791) : Expression size 17 truncated to fit in target size 16("C:\Users\jackg\OneDrive\GadgetFactory_Engineering\2025\papilio-labs\papilio_arcade_board\paplilo_arcade_board\src\wb_rgb_led_ctrl.v":169)
WARN  (EX3791) : Expression size 17 truncated to fit in target size 16("C:\Users\jackg\OneDrive\GadgetFactory_Engineering\2025\papilio-labs\papilio_arcade_board\paplilo_arcade_board\src\wb_rgb_led_ctrl.v":181)
Compiling module 'wb_video_ctrl'("C:\Users\jackg\OneDrive\GadgetFactory_Engineering\2025\papilio-labs\papilio_arcade_board\paplilo_arcade_board\src\wb_video_ctrl.v":5)
Compiling module 'video_top_wb'("C:\Users\jackg\OneDrive\GadgetFactory_Engineering\2025\papilio-labs\papilio_arcade_board\paplilo_arcade_board\src\video_top_wb.v":4)
Compiling module 'testpattern'("C:\Users\jackg\OneDrive\GadgetFactory_Engineering\2025\papilio-labs\papilio_arcade_board\paplilo_arcade_board\src\testpattern.v":17)
Compiling module 'TMDS_rPLL'("C:\Users\jackg\OneDrive\GadgetFactory_Engineering\2025\papilio-labs\papilio_arcade_board\paplilo_arcade_board\src\gowin_rpll\TMDS_rPLL.v":9)
Compiling module 'DVI_TX_Top'("C:\Users\jackg\OneDrive\GadgetFactory_Engineering\2025\papilio-labs\papilio_arcade_board\paplilo_arcade_board\src\dvi_tx\dvi_tx.v":1034)
Compiling module '**'("C:\Users\jackg\OneDrive\GadgetFactory_Engineering\2025\papilio-labs\papilio_arcade_board\paplilo_arcade_board\src\dvi_tx\dvi_tx.v":1033)
Compiling module 'usb_cdc_acm_gowin'("C:\Users\jackg\OneDrive\GadgetFactory_Engineering\2025\papilio-labs\papilio_arcade_board\paplilo_arcade_board\src\usb_cdc_acm_gowin.v":11)
Extracting RAM for identifier 'descriptor_rom'("C:\Users\jackg\OneDrive\GadgetFactory_Engineering\2025\papilio-labs\papilio_arcade_board\paplilo_arcade_board\src\usb_cdc_acm_gowin.v":120)
Extracting RAM for identifier 'ep2_in_buffer'("C:\Users\jackg\OneDrive\GadgetFactory_Engineering\2025\papilio-labs\papilio_arcade_board\paplilo_arcade_board\src\usb_cdc_acm_gowin.v":310)
Extracting RAM for identifier 'ep2_out_buffer'("C:\Users\jackg\OneDrive\GadgetFactory_Engineering\2025\papilio-labs\papilio_arcade_board\paplilo_arcade_board\src\usb_cdc_acm_gowin.v":316)
WARN  (EX3791) : Expression size 9 truncated to fit in target size 8("C:\Users\jackg\OneDrive\GadgetFactory_Engineering\2025\papilio-labs\papilio_arcade_board\paplilo_arcade_board\src\usb_cdc_acm_gowin.v":378)
WARN  (EX3791) : Expression size 7 truncated to fit in target size 6("C:\Users\jackg\OneDrive\GadgetFactory_Engineering\2025\papilio-labs\papilio_arcade_board\paplilo_arcade_board\src\usb_cdc_acm_gowin.v":424)
WARN  (EX3791) : Expression size 7 truncated to fit in target size 6("C:\Users\jackg\OneDrive\GadgetFactory_Engineering\2025\papilio-labs\papilio_arcade_board\paplilo_arcade_board\src\usb_cdc_acm_gowin.v":433)
WARN  (EX3791) : Expression size 7 truncated to fit in target size 6("C:\Users\jackg\OneDrive\GadgetFactory_Engineering\2025\papilio-labs\papilio_arcade_board\paplilo_arcade_board\src\usb_cdc_acm_gowin.v":447)
WARN  (EX3791) : Expression size 7 truncated to fit in target size 6("C:\Users\jackg\OneDrive\GadgetFactory_Engineering\2025\papilio-labs\papilio_arcade_board\paplilo_arcade_board\src\usb_cdc_acm_gowin.v":456)
Compiling module '**'("C:\Users\jackg\OneDrive\GadgetFactory_Engineering\2025\papilio-labs\papilio_arcade_board\paplilo_arcade_board\src\usb_softphy\usb_softphy.v":794)
Compiling module '**'("C:\Users\jackg\OneDrive\GadgetFactory_Engineering\2025\papilio-labs\papilio_arcade_board\paplilo_arcade_board\src\usb_device_controller\usb_device_controller.v":5834)
NOTE  (EX0101) : Current top module is "top"
[5%] Running netlist conversion ...
Running device independent optimization ...
[10%] Optimizing Phase 0 completed
[15%] Optimizing Phase 1 completed
[25%] Optimizing Phase 2 completed
Running inference ...
[30%] Inferring Phase 0 completed
[40%] Inferring Phase 1 completed
[50%] Inferring Phase 2 completed
[55%] Inferring Phase 3 completed
Running technical mapping ...
[60%] Tech-Mapping Phase 0 completed
[65%] Tech-Mapping Phase 1 completed
[75%] Tech-Mapping Phase 2 completed
[80%] Tech-Mapping Phase 3 completed
[90%] Tech-Mapping Phase 4 completed
WARN  (NL0002) : The module "wb_address_decoder" instantiated to "u_wb_decoder" is swept in optimizing("C:\Users\jackg\OneDrive\GadgetFactory_Engineering\2025\papilio-labs\papilio_arcade_board\paplilo_arcade_board\src\top.v":126)
[95%] Generate netlist file "C:\Users\jackg\OneDrive\GadgetFactory_Engineering\2025\papilio-labs\papilio_arcade_board\paplilo_arcade_board\impl\gwsynthesis\papilio_arcade_board.vg" completed
[100%] Generate report file "C:\Users\jackg\OneDrive\GadgetFactory_Engineering\2025\papilio-labs\papilio_arcade_board\paplilo_arcade_board\impl\gwsynthesis\papilio_arcade_board_syn.rpt.html" completed
GowinSynthesis finish
